# JRE version: OpenJDK Runtime Environment Temurin-21.0.10+7 (21.0.10+7) (build 21.0.10+7-LTS)
# Java VM: OpenJDK 64-Bit Server VM Temurin-21.0.10+7 (21.0.10+7-LTS, mixed mode, sharing, tiered, compressed oops, compressed class ptrs, parallel gc, windows-amd64)
GC Precious Log:
 CardTable entry size: 512
 CPUs: 16 total, 16 available
 Memory: 16296M
 Large Page Support: Disabled
 NUMA Support: Disabled
 Compressed Oops: Enabled (32-bit)
 Alignments: Space 512K, Generation 512K, Heap 2M
 Heap Min Capacity: 100M
 Heap Initial Capacity: 100M
 Heap Max Capacity: 2G
 Pre-touch: Disabled
 Parallel Workers: 13
Heap:
 PSYoungGen      total 2048K, used 835K [0x00000000d5580000, 0x00000000d5880000, 0x0000000100000000)
  eden space 1536K, 37% used [0x00000000d5580000,0x00000000d5610d18,0x00000000d5700000)
  from space 512K, 50% used [0x00000000d5800000,0x00000000d5840000,0x00000000d5880000)
  to   space 512K, 0% used [0x00000000d5780000,0x00000000d5780000,0x00000000d5800000)
 ParOldGen       total 1006592K, used 526637K [0x0000000080000000, 0x00000000bd700000, 0x00000000d5580000)
  object space 1006592K, 52% used [0x0000000080000000,0x00000000a024b6d8,0x00000000bd700000)
 Metaspace       used 78083K, committed 79744K, reserved 1179648K
  class space    used 7897K, committed 8640K, reserved 1048576K
GC Heap History (20 events):
Event: 1131.849 GC heap before
{Heap before GC invocations=487 (full 4):
 PSYoungGen      total 2048K, used 1920K [0x00000000d5580000, 0x00000000d5880000, 0x0000000100000000)
  eden space 1536K, 100% used [0x00000000d5580000,0x00000000d5700000,0x00000000d5700000)
  from space 512K, 75% used [0x00000000d5800000,0x00000000d5860000,0x00000000d5880000)
  to   space 512K, 0% used [0x00000000d5780000,0x00000000d5780000,0x00000000d5800000)
 ParOldGen       total 1006592K, used 525910K [0x0000000080000000, 0x00000000bd700000, 0x00000000d5580000)
  object space 1006592K, 52% used [0x0000000080000000,0x00000000a0195bf0,0x00000000bd700000)
 Metaspace       used 78082K, committed 79744K, reserved 1179648K
  class space    used 7897K, committed 8640K, reserved 1048576K
}
Event: 1131.850 GC heap after
{Heap after GC invocations=487 (full 4):
 PSYoungGen      total 2048K, used 320K [0x00000000d5580000, 0x00000000d5880000, 0x0000000100000000)
  eden space 1536K, 0% used [0x00000000d5580000,0x00000000d5580000,0x00000000d5700000)
  from space 512K, 62% used [0x00000000d5780000,0x00000000d57d0000,0x00000000d5800000)
  to   space 512K, 0% used [0x00000000d5800000,0x00000000d5800000,0x00000000d5880000)
 ParOldGen       total 1006592K, used 525974K [0x0000000080000000, 0x00000000bd700000, 0x00000000d5580000)
  object space 1006592K, 52% used [0x0000000080000000,0x00000000a01a5bf0,0x00000000bd700000)
 Metaspace       used 78082K, committed 79744K, reserved 1179648K
  class space    used 7897K, committed 8640K, reserved 1048576K
}
Event: 1131.954 GC heap before
{Heap before GC invocations=488 (full 4):
 PSYoungGen      total 2048K, used 1856K [0x00000000d5580000, 0x00000000d5880000, 0x0000000100000000)
  eden space 1536K, 100% used [0x00000000d5580000,0x00000000d5700000,0x00000000d5700000)
  from space 512K, 62% used [0x00000000d5780000,0x00000000d57d0000,0x00000000d5800000)
  to   space 512K, 0% used [0x00000000d5800000,0x00000000d5800000,0x00000000d5880000)
 ParOldGen       total 1006592K, used 525974K [0x0000000080000000, 0x00000000bd700000, 0x00000000d5580000)
  object space 1006592K, 52% used [0x0000000080000000,0x00000000a01a5bf0,0x00000000bd700000)
 Metaspace       used 78083K, committed 79744K, reserved 1179648K
  class space    used 7897K, committed 8640K, reserved 1048576K
}
Event: 1131.955 GC heap after
{Heap after GC invocations=488 (full 4):
 PSYoungGen      total 2048K, used 442K [0x00000000d5580000, 0x00000000d5880000, 0x0000000100000000)
  eden space 1536K, 0% used [0x00000000d5580000,0x00000000d5580000,0x00000000d5700000)
  from space 512K, 86% used [0x00000000d5800000,0x00000000d586eaa8,0x00000000d5880000)
  to   space 512K, 0% used [0x00000000d5780000,0x00000000d5780000,0x00000000d5800000)
 ParOldGen       total 1006592K, used 526070K [0x0000000080000000, 0x00000000bd700000, 0x00000000d5580000)
  object space 1006592K, 52% used [0x0000000080000000,0x00000000a01bdbf0,0x00000000bd700000)
 Metaspace       used 78083K, committed 79744K, reserved 1179648K
  class space    used 7897K, committed 8640K, reserved 1048576K
}
Event: 1131.960 GC heap before
{Heap before GC invocations=489 (full 4):
 PSYoungGen      total 2048K, used 1978K [0x00000000d5580000, 0x00000000d5880000, 0x0000000100000000)
  eden space 1536K, 100% used [0x00000000d5580000,0x00000000d5700000,0x00000000d5700000)
  from space 512K, 86% used [0x00000000d5800000,0x00000000d586eaa8,0x00000000d5880000)
  to   space 512K, 0% used [0x00000000d5780000,0x00000000d5780000,0x00000000d5800000)
 ParOldGen       total 1006592K, used 526070K [0x0000000080000000, 0x00000000bd700000, 0x00000000d5580000)
  object space 1006592K, 52% used [0x0000000080000000,0x00000000a01bdbf0,0x00000000bd700000)
 Metaspace       used 78083K, committed 79744K, reserved 1179648K
  class space    used 7897K, committed 8640K, reserved 1048576K
}
Event: 1131.960 GC heap after
{Heap after GC invocations=489 (full 4):
 PSYoungGen      total 2048K, used 416K [0x00000000d5580000, 0x00000000d5880000, 0x0000000100000000)
  eden space 1536K, 0% used [0x00000000d5580000,0x00000000d5580000,0x00000000d5700000)
  from space 512K, 81% used [0x00000000d5780000,0x00000000d57e8000,0x00000000d5800000)
  to   space 512K, 0% used [0x00000000d5800000,0x00000000d5800000,0x00000000d5880000)
 ParOldGen       total 1006592K, used 526229K [0x0000000080000000, 0x00000000bd700000, 0x00000000d5580000)
  object space 1006592K, 52% used [0x0000000080000000,0x00000000a01e56d8,0x00000000bd700000)
 Metaspace       used 78083K, committed 79744K, reserved 1179648K
  class space    used 7897K, committed 8640K, reserved 1048576K
}
Event: 1131.964 GC heap before
{Heap before GC invocations=490 (full 4):
 PSYoungGen      total 2048K, used 1944K [0x00000000d5580000, 0x00000000d5880000, 0x0000000100000000)
  eden space 1536K, 99% used [0x00000000d5580000,0x00000000d56fe140,0x00000000d5700000)
  from space 512K, 81% used [0x00000000d5780000,0x00000000d57e8000,0x00000000d5800000)
  to   space 512K, 0% used [0x00000000d5800000,0x00000000d5800000,0x00000000d5880000)
 ParOldGen       total 1006592K, used 526229K [0x0000000080000000, 0x00000000bd700000, 0x00000000d5580000)
  object space 1006592K, 52% used [0x0000000080000000,0x00000000a01e56d8,0x00000000bd700000)
 Metaspace       used 78083K, committed 79744K, reserved 1179648K
  class space    used 7897K, committed 8640K, reserved 1048576K
}
Event: 1131.965 GC heap after
{Heap after GC invocations=490 (full 4):
 PSYoungGen      total 2048K, used 224K [0x00000000d5580000, 0x00000000d5880000, 0x0000000100000000)
  eden space 1536K, 0% used [0x00000000d5580000,0x00000000d5580000,0x00000000d5700000)
  from space 512K, 43% used [0x00000000d5800000,0x00000000d5838000,0x00000000d5880000)
  to   space 512K, 0% used [0x00000000d5780000,0x00000000d5780000,0x00000000d5800000)
 ParOldGen       total 1006592K, used 526517K [0x0000000080000000, 0x00000000bd700000, 0x00000000d5580000)
  object space 1006592K, 52% used [0x0000000080000000,0x00000000a022d6d8,0x00000000bd700000)
 Metaspace       used 78083K, committed 79744K, reserved 1179648K
  class space    used 7897K, committed 8640K, reserved 1048576K
}
Event: 1131.969 GC heap before
{Heap before GC invocations=491 (full 4):
 PSYoungGen      total 2048K, used 1746K [0x00000000d5580000, 0x00000000d5880000, 0x0000000100000000)
  eden space 1536K, 99% used [0x00000000d5580000,0x00000000d56fca48,0x00000000d5700000)
  from space 512K, 43% used [0x00000000d5800000,0x00000000d5838000,0x00000000d5880000)
  to   space 512K, 0% used [0x00000000d5780000,0x00000000d5780000,0x00000000d5800000)
 ParOldGen       total 1006592K, used 526517K [0x0000000080000000, 0x00000000bd700000, 0x00000000d5580000)
  object space 1006592K, 52% used [0x0000000080000000,0x00000000a022d6d8,0x00000000bd700000)
 Metaspace       used 78083K, committed 79744K, reserved 1179648K
  class space    used 7897K, committed 8640K, reserved 1048576K
}
Event: 1131.970 GC heap after
{Heap after GC invocations=491 (full 4):
 PSYoungGen      total 2048K, used 192K [0x00000000d5580000, 0x00000000d5880000, 0x0000000100000000)
  eden space 1536K, 0% used [0x00000000d5580000,0x00000000d5580000,0x00000000d5700000)
  from space 512K, 37% used [0x00000000d5780000,0x00000000d57b0000,0x00000000d5800000)
  to   space 512K, 0% used [0x00000000d5800000,0x00000000d5800000,0x00000000d5880000)
 ParOldGen       total 1006592K, used 526517K [0x0000000080000000, 0x00000000bd700000, 0x00000000d5580000)
  object space 1006592K, 52% used [0x0000000080000000,0x00000000a022d6d8,0x00000000bd700000)
 Metaspace       used 78083K, committed 79744K, reserved 1179648K
  class space    used 7897K, committed 8640K, reserved 1048576K
}
Event: 1131.973 GC heap before
{Heap before GC invocations=492 (full 4):
 PSYoungGen      total 2048K, used 1708K [0x00000000d5580000, 0x00000000d5880000, 0x0000000100000000)
  eden space 1536K, 98% used [0x00000000d5580000,0x00000000d56fb298,0x00000000d5700000)
  from space 512K, 37% used [0x00000000d5780000,0x00000000d57b0000,0x00000000d5800000)
  to   space 512K, 0% used [0x00000000d5800000,0x00000000d5800000,0x00000000d5880000)
 ParOldGen       total 1006592K, used 526517K [0x0000000080000000, 0x00000000bd700000, 0x00000000d5580000)
  object space 1006592K, 52% used [0x0000000080000000,0x00000000a022d6d8,0x00000000bd700000)
 Metaspace       used 78083K, committed 79744K, reserved 1179648K
  class space    used 7897K, committed 8640K, reserved 1048576K
}
Event: 1131.974 GC heap after
{Heap after GC invocations=492 (full 4):
 PSYoungGen      total 2048K, used 288K [0x00000000d5580000, 0x00000000d5880000, 0x0000000100000000)
  eden space 1536K, 0% used [0x00000000d5580000,0x00000000d5580000,0x00000000d5700000)
  from space 512K, 56% used [0x00000000d5800000,0x00000000d5848000,0x00000000d5880000)
  to   space 512K, 0% used [0x00000000d5780000,0x00000000d5780000,0x00000000d5800000)
 ParOldGen       total 1006592K, used 526517K [0x0000000080000000, 0x00000000bd700000, 0x00000000d5580000)
  object space 1006592K, 52% used [0x0000000080000000,0x00000000a022d6d8,0x00000000bd700000)
 Metaspace       used 78083K, committed 79744K, reserved 1179648K
  class space    used 7897K, committed 8640K, reserved 1048576K
}
Event: 1131.978 GC heap before
{Heap before GC invocations=493 (full 4):
 PSYoungGen      total 2048K, used 1799K [0x00000000d5580000, 0x00000000d5880000, 0x0000000100000000)
  eden space 1536K, 98% used [0x00000000d5580000,0x00000000d56f9c58,0x00000000d5700000)
  from space 512K, 56% used [0x00000000d5800000,0x00000000d5848000,0x00000000d5880000)
  to   space 512K, 0% used [0x00000000d5780000,0x00000000d5780000,0x00000000d5800000)
 ParOldGen       total 1006592K, used 526517K [0x0000000080000000, 0x00000000bd700000, 0x00000000d5580000)
  object space 1006592K, 52% used [0x0000000080000000,0x00000000a022d6d8,0x00000000bd700000)
 Metaspace       used 78083K, committed 79744K, reserved 1179648K
  class space    used 7897K, committed 8640K, reserved 1048576K
}
Event: 1131.979 GC heap after
{Heap after GC invocations=493 (full 4):
 PSYoungGen      total 2048K, used 224K [0x00000000d5580000, 0x00000000d5880000, 0x0000000100000000)
  eden space 1536K, 0% used [0x00000000d5580000,0x00000000d5580000,0x00000000d5700000)
  from space 512K, 43% used [0x00000000d5780000,0x00000000d57b8000,0x00000000d5800000)
  to   space 512K, 0% used [0x00000000d5800000,0x00000000d5800000,0x00000000d5880000)
 ParOldGen       total 1006592K, used 526517K [0x0000000080000000, 0x00000000bd700000, 0x00000000d5580000)
  object space 1006592K, 52% used [0x0000000080000000,0x00000000a022d6d8,0x00000000bd700000)
 Metaspace       used 78083K, committed 79744K, reserved 1179648K
  class space    used 7897K, committed 8640K, reserved 1048576K
}
Event: 1132.025 GC heap before
{Heap before GC invocations=494 (full 4):
 PSYoungGen      total 2048K, used 1760K [0x00000000d5580000, 0x00000000d5880000, 0x0000000100000000)
  eden space 1536K, 100% used [0x00000000d5580000,0x00000000d5700000,0x00000000d5700000)
  from space 512K, 43% used [0x00000000d5780000,0x00000000d57b8000,0x00000000d5800000)
  to   space 512K, 0% used [0x00000000d5800000,0x00000000d5800000,0x00000000d5880000)
 ParOldGen       total 1006592K, used 526517K [0x0000000080000000, 0x00000000bd700000, 0x00000000d5580000)
  object space 1006592K, 52% used [0x0000000080000000,0x00000000a022d6d8,0x00000000bd700000)
 Metaspace       used 78083K, committed 79744K, reserved 1179648K
  class space    used 7897K, committed 8640K, reserved 1048576K
}
Event: 1132.026 GC heap after
{Heap after GC invocations=494 (full 4):
 PSYoungGen      total 2048K, used 384K [0x00000000d5580000, 0x00000000d5880000, 0x0000000100000000)
  eden space 1536K, 0% used [0x00000000d5580000,0x00000000d5580000,0x00000000d5700000)
  from space 512K, 75% used [0x00000000d5800000,0x00000000d5860000,0x00000000d5880000)
  to   space 512K, 0% used [0x00000000d5780000,0x00000000d5780000,0x00000000d5800000)
 ParOldGen       total 1006592K, used 526517K [0x0000000080000000, 0x00000000bd700000, 0x00000000d5580000)
  object space 1006592K, 52% used [0x0000000080000000,0x00000000a022d6d8,0x00000000bd700000)
 Metaspace       used 78083K, committed 79744K, reserved 1179648K
  class space    used 7897K, committed 8640K, reserved 1048576K
}
Event: 1132.030 GC heap before
{Heap before GC invocations=495 (full 4):
 PSYoungGen      total 2048K, used 1920K [0x00000000d5580000, 0x00000000d5880000, 0x0000000100000000)
  eden space 1536K, 100% used [0x00000000d5580000,0x00000000d5700000,0x00000000d5700000)
  from space 512K, 75% used [0x00000000d5800000,0x00000000d5860000,0x00000000d5880000)
  to   space 512K, 0% used [0x00000000d5780000,0x00000000d5780000,0x00000000d5800000)
 ParOldGen       total 1006592K, used 526517K [0x0000000080000000, 0x00000000bd700000, 0x00000000d5580000)
  object space 1006592K, 52% used [0x0000000080000000,0x00000000a022d6d8,0x00000000bd700000)
 Metaspace       used 78083K, committed 79744K, reserved 1179648K
  class space    used 7897K, committed 8640K, reserved 1048576K
}
Event: 1132.031 GC heap after
{Heap after GC invocations=495 (full 4):
 PSYoungGen      total 2048K, used 288K [0x00000000d5580000, 0x00000000d5880000, 0x0000000100000000)
  eden space 1536K, 0% used [0x00000000d5580000,0x00000000d5580000,0x00000000d5700000)
  from space 512K, 56% used [0x00000000d5780000,0x00000000d57c8000,0x00000000d5800000)
  to   space 512K, 0% used [0x00000000d5800000,0x00000000d5800000,0x00000000d5880000)
 ParOldGen       total 1006592K, used 526581K [0x0000000080000000, 0x00000000bd700000, 0x00000000d5580000)
  object space 1006592K, 52% used [0x0000000080000000,0x00000000a023d6d8,0x00000000bd700000)
 Metaspace       used 78083K, committed 79744K, reserved 1179648K
  class space    used 7897K, committed 8640K, reserved 1048576K
}
Event: 1132.036 GC heap before
{Heap before GC invocations=496 (full 4):
 PSYoungGen      total 2048K, used 1806K [0x00000000d5580000, 0x00000000d5880000, 0x0000000100000000)
  eden space 1536K, 98% used [0x00000000d5580000,0x00000000d56fbb98,0x00000000d5700000)
  from space 512K, 56% used [0x00000000d5780000,0x00000000d57c8000,0x00000000d5800000)
  to   space 512K, 0% used [0x00000000d5800000,0x00000000d5800000,0x00000000d5880000)
 ParOldGen       total 1006592K, used 526581K [0x0000000080000000, 0x00000000bd700000, 0x00000000d5580000)
  object space 1006592K, 52% used [0x0000000080000000,0x00000000a023d6d8,0x00000000bd700000)
 Metaspace       used 78083K, committed 79744K, reserved 1179648K
  class space    used 7897K, committed 8640K, reserved 1048576K
}
Event: 1132.037 GC heap after
{Heap after GC invocations=496 (full 4):
 PSYoungGen      total 2048K, used 256K [0x00000000d5580000, 0x00000000d5880000, 0x0000000100000000)
  eden space 1536K, 0% used [0x00000000d5580000,0x00000000d5580000,0x00000000d5700000)
  from space 512K, 50% used [0x00000000d5800000,0x00000000d5840000,0x00000000d5880000)
  to   space 512K, 0% used [0x00000000d5780000,0x00000000d5780000,0x00000000d5800000)
 ParOldGen       total 1006592K, used 526637K [0x0000000080000000, 0x00000000bd700000, 0x00000000d5580000)
  object space 1006592K, 52% used [0x0000000080000000,0x00000000a024b6d8,0x00000000bd700000)
 Metaspace       used 78083K, committed 79744K, reserved 1179648K
  class space    used 7897K, committed 8640K, reserved 1048576K
}

